app/build/outputs/apk/manifest-merger-debug-report.txt
-- Merging decision tree log ---
manifest
ADDED from AndroidManifest.xml:2:1
	xmlns:android
		ADDED from AndroidManifest.xml:2:11
	package
		ADDED from AndroidManifest.xml:3:5
		INJECTED from AndroidManifest.xml:0:0
		INJECTED from AndroidManifest.xml:0:0
	android:versionName
		ADDED from AndroidManifest.xml:5:5
	android:versionCode
		ADDED from AndroidManifest.xml:4:5
		INJECTED from AndroidManifest.xml:0:0
		INJECTED from AndroidManifest.xml:0:0
uses-permission#android.permission.INTERNET
ADDED from AndroidManifest.xml:6:5
	android:name
		ADDED from AndroidManifest.xml:6:22
uses-permission#android.permission.ACCESS_NETWORK_STATE
ADDED from AndroidManifest.xml:7:5
	android:name
		ADDED from AndroidManifest.xml:7:22
uses-permission#com.android.launcher.permission.INSTALL_SHORTCUT
ADDED from AndroidManifest.xml:8:5
	android:name
		ADDED from AndroidManifest.xml:8:22
uses-sdk
ADDED from AndroidManifest.xml:10:5
	android:targetSdkVersion
		ADDED from AndroidManifest.xml:12:9
		INJECTED from AndroidManifest.xml:0:0
		INJECTED from AndroidManifest.xml:0:0
	android:minSdkVersion
		ADDED from AndroidManifest.xml:11:9
		INJECTED from AndroidManifest.xml:0:0
		INJECTED from AndroidManifest.xml:0:0
application
ADDED from AndroidManifest.xml:14:5
	android:label
		ADDED from AndroidManifest.xml:17:9
	android:allowBackup
		ADDED from AndroidManifest.xml:15:9
	android:icon
		ADDED from AndroidManifest.xml:16:9
	android:theme
		ADDED from AndroidManifest.xml:18:9
activity#info.androidhive.tabsswipe.SplashActivity
ADDED from AndroidManifest.xml:20:9
	android:screenOrientation
		ADDED from AndroidManifest.xml:23:13
	android:label
		ADDED from AndroidManifest.xml:22:13
	android:theme
		ADDED from AndroidManifest.xml:24:13
	android:name
		ADDED from AndroidManifest.xml:21:13
intent-filter#android.intent.action.MAIN+android.intent.category.LAUNCHER
ADDED from AndroidManifest.xml:25:13
action#android.intent.action.MAIN
ADDED from AndroidManifest.xml:26:17
	android:name
		ADDED from AndroidManifest.xml:26:25
category#android.intent.category.LAUNCHER
ADDED from AndroidManifest.xml:27:17
	android:name
		ADDED from AndroidManifest.xml:27:27
activity#info.androidhive.tabsswipe.MainActivity
ADDED from AndroidManifest.xml:33:9
	android:label
		ADDED from AndroidManifest.xml:35:13
	android:name
		ADDED from AndroidManifest.xml:34:13
	android:launchMode
		ADDED from AndroidManifest.xml:36:13
intent-filter#android.intent.action.SEARCH
ADDED from AndroidManifest.xml:37:13
action#android.intent.action.SEARCH
ADDED from AndroidManifest.xml:38:17
	android:name
		ADDED from AndroidManifest.xml:38:25
meta-data#android.widget.SearchView
ADDED from AndroidManifest.xml:41:13
	android:resource
		ADDED from AndroidManifest.xml:43:17
	android:name
		ADDED from AndroidManifest.xml:42:17
activity#info.androidhive.tabsswipe.aboutAppkart
ADDED from AndroidManifest.xml:47:9
	android:parentActivityName
		ADDED from AndroidManifest.xml:49:13
	android:name
		ADDED from AndroidManifest.xml:48:13
meta-data#info.androidhive.tabsswipe.MainActivity
ADDED from AndroidManifest.xml:50:13
	android:name
		ADDED from AndroidManifest.xml:51:17
	android:value
		ADDED from AndroidManifest.xml:52:17
activity#info.androidhive.tabsswipe.loginAppkart
ADDED from AndroidManifest.xml:55:9
	android:parentActivityName
		ADDED from AndroidManifest.xml:57:13
	android:name
		ADDED from AndroidManifest.xml:56:13
activity#info.androidhive.tabsswipe.registerAppkart
ADDED from AndroidManifest.xml:63:9
	android:parentActivityName
		ADDED from AndroidManifest.xml:65:13
	android:name
		ADDED from AndroidManifest.xml:64:13
activity#info.androidhive.tabsswipe.settingAppkart
ADDED from AndroidManifest.xml:71:9
	android:parentActivityName
		ADDED from AndroidManifest.xml:73:13
	android:name
		ADDED from AndroidManifest.xml:72:13
activity#info.androidhive.tabsswipe.recommendationAppkart
ADDED from AndroidManifest.xml:79:9
	android:parentActivityName
		ADDED from AndroidManifest.xml:81:13
	android:name
		ADDED from AndroidManifest.xml:80:13